# JRE version: OpenJDK Runtime Environment (8.0_242-b01) (build 1.8.0_242-release-1644-b01)
# Java VM: OpenJDK 64-Bit Server VM (25.242-b01 mixed mode windows-amd64 compressed oops)
Heap:
 PSYoungGen      total 226304K, used 187038K [0x00000000e0000000, 0x00000000eeb80000, 0x0000000100000000)
  eden space 211456K, 81% used [0x00000000e0000000,0x00000000ea82a608,0x00000000ece80000)
  from space 14848K, 99% used [0x00000000ece80000,0x00000000edcfd4e0,0x00000000edd00000)
  to   space 12800K, 0% used [0x00000000edf00000,0x00000000edf00000,0x00000000eeb80000)
 ParOldGen       total 146944K, used 40186K [0x00000000a0000000, 0x00000000a8f80000, 0x00000000e0000000)
  object space 146944K, 27% used [0x00000000a0000000,0x00000000a273e878,0x00000000a8f80000)
 Metaspace       used 64816K, capacity 68984K, committed 69288K, reserved 1107968K
  class space    used 8979K, capacity 9798K, committed 9904K, reserved 1048576K
GC Heap History (10 events):
Event: 2.777 GC heap before
{Heap before GC invocations=8 (full 2):
 PSYoungGen      total 224256K, used 9170K [0x00000000e0000000, 0x00000000eeb80000, 0x0000000100000000)
  eden space 211456K, 0% used [0x00000000e0000000,0x00000000e0000000,0x00000000ece80000)
  from space 12800K, 71% used [0x00000000edf00000,0x00000000ee7f49c0,0x00000000eeb80000)
  to   space 14848K, 0% used [0x00000000ece80000,0x00000000ece80000,0x00000000edd00000)
 ParOldGen       total 95232K, used 9940K [0x00000000a0000000, 0x00000000a5d00000, 0x00000000e0000000)
  object space 95232K, 10% used [0x00000000a0000000,0x00000000a09b50b8,0x00000000a5d00000)
 Metaspace       used 34562K, capacity 35402K, committed 35496K, reserved 1079296K
  class space    used 4746K, capacity 4972K, committed 5040K, reserved 1048576K
Event: 2.806 GC heap after
Heap after GC invocations=8 (full 2):
 PSYoungGen      total 224256K, used 0K [0x00000000e0000000, 0x00000000eeb80000, 0x0000000100000000)
  eden space 211456K, 0% used [0x00000000e0000000,0x00000000e0000000,0x00000000ece80000)
  from space 12800K, 0% used [0x00000000edf00000,0x00000000edf00000,0x00000000eeb80000)
  to   space 14848K, 0% used [0x00000000ece80000,0x00000000ece80000,0x00000000edd00000)
 ParOldGen       total 146944K, used 15613K [0x00000000a0000000, 0x00000000a8f80000, 0x00000000e0000000)
  object space 146944K, 10% used [0x00000000a0000000,0x00000000a0f3f608,0x00000000a8f80000)
 Metaspace       used 34562K, capacity 35402K, committed 35496K, reserved 1079296K
  class space    used 4746K, capacity 4972K, committed 5040K, reserved 1048576K
}
Event: 4.096 GC heap before
{Heap before GC invocations=9 (full 2):
 PSYoungGen      total 224256K, used 211456K [0x00000000e0000000, 0x00000000eeb80000, 0x0000000100000000)
  eden space 211456K, 100% used [0x00000000e0000000,0x00000000ece80000,0x00000000ece80000)
  from space 12800K, 0% used [0x00000000edf00000,0x00000000edf00000,0x00000000eeb80000)
  to   space 14848K, 0% used [0x00000000ece80000,0x00000000ece80000,0x00000000edd00000)
 ParOldGen       total 146944K, used 15613K [0x00000000a0000000, 0x00000000a8f80000, 0x00000000e0000000)
  object space 146944K, 10% used [0x00000000a0000000,0x00000000a0f3f608,0x00000000a8f80000)
 Metaspace       used 49744K, capacity 51532K, committed 51752K, reserved 1093632K
  class space    used 6664K, capacity 7097K, committed 7216K, reserved 1048576K
Event: 4.109 GC heap after
Heap after GC invocations=9 (full 2):
 PSYoungGen      total 226304K, used 14821K [0x00000000e0000000, 0x00000000eeb80000, 0x0000000100000000)
  eden space 211456K, 0% used [0x00000000e0000000,0x00000000e0000000,0x00000000ece80000)
  from space 14848K, 99% used [0x00000000ece80000,0x00000000edcf96f0,0x00000000edd00000)
  to   space 12800K, 0% used [0x00000000edf00000,0x00000000edf00000,0x00000000eeb80000)
 ParOldGen       total 146944K, used 24901K [0x00000000a0000000, 0x00000000a8f80000, 0x00000000e0000000)
  object space 146944K, 16% used [0x00000000a0000000,0x00000000a18516e0,0x00000000a8f80000)
 Metaspace       used 49744K, capacity 51532K, committed 51752K, reserved 1093632K
  class space    used 6664K, capacity 7097K, committed 7216K, reserved 1048576K
}
Event: 4.785 GC heap before
{Heap before GC invocations=10 (full 2):
 PSYoungGen      total 226304K, used 115187K [0x00000000e0000000, 0x00000000eeb80000, 0x0000000100000000)
  eden space 211456K, 47% used [0x00000000e0000000,0x00000000e62035a8,0x00000000ece80000)
  from space 14848K, 99% used [0x00000000ece80000,0x00000000edcf96f0,0x00000000edd00000)
  to   space 12800K, 0% used [0x00000000edf00000,0x00000000edf00000,0x00000000eeb80000)
 ParOldGen       total 146944K, used 24901K [0x00000000a0000000, 0x00000000a8f80000, 0x00000000e0000000)
  object space 146944K, 16% used [0x00000000a0000000,0x00000000a18516e0,0x00000000a8f80000)
 Metaspace       used 56902K, capacity 59062K, committed 59160K, reserved 1099776K
  class space    used 7819K, capacity 8315K, committed 8368K, reserved 1048576K
Event: 4.797 GC heap after
Heap after GC invocations=10 (full 2):
 PSYoungGen      total 224256K, used 12768K [0x00000000e0000000, 0x00000000eeb80000, 0x0000000100000000)
  eden space 211456K, 0% used [0x00000000e0000000,0x00000000e0000000,0x00000000ece80000)
  from space 12800K, 99% used [0x00000000edf00000,0x00000000eeb78060,0x00000000eeb80000)
  to   space 14848K, 0% used [0x00000000ece80000,0x00000000ece80000,0x00000000edd00000)
 ParOldGen       total 146944K, used 36808K [0x00000000a0000000, 0x00000000a8f80000, 0x00000000e0000000)
  object space 146944K, 25% used [0x00000000a0000000,0x00000000a23f2058,0x00000000a8f80000)
 Metaspace       used 56902K, capacity 59062K, committed 59160K, reserved 1099776K
  class space    used 7819K, capacity 8315K, committed 8368K, reserved 1048576K
}
Event: 4.797 GC heap before
{Heap before GC invocations=11 (full 3):
 PSYoungGen      total 224256K, used 12768K [0x00000000e0000000, 0x00000000eeb80000, 0x0000000100000000)
  eden space 211456K, 0% used [0x00000000e0000000,0x00000000e0000000,0x00000000ece80000)
  from space 12800K, 99% used [0x00000000edf00000,0x00000000eeb78060,0x00000000eeb80000)
  to   space 14848K, 0% used [0x00000000ece80000,0x00000000ece80000,0x00000000edd00000)
 ParOldGen       total 146944K, used 36808K [0x00000000a0000000, 0x00000000a8f80000, 0x00000000e0000000)
  object space 146944K, 25% used [0x00000000a0000000,0x00000000a23f2058,0x00000000a8f80000)
 Metaspace       used 56902K, capacity 59062K, committed 59160K, reserved 1099776K
  class space    used 7819K, capacity 8315K, committed 8368K, reserved 1048576K
Event: 4.972 GC heap after
Heap after GC invocations=11 (full 3):
 PSYoungGen      total 224256K, used 0K [0x00000000e0000000, 0x00000000eeb80000, 0x0000000100000000)
  eden space 211456K, 0% used [0x00000000e0000000,0x00000000e0000000,0x00000000ece80000)
  from space 12800K, 0% used [0x00000000edf00000,0x00000000edf00000,0x00000000eeb80000)
  to   space 14848K, 0% used [0x00000000ece80000,0x00000000ece80000,0x00000000edd00000)
 ParOldGen       total 146944K, used 36900K [0x00000000a0000000, 0x00000000a8f80000, 0x00000000e0000000)
  object space 146944K, 25% used [0x00000000a0000000,0x00000000a2409378,0x00000000a8f80000)
 Metaspace       used 56861K, capacity 58924K, committed 59160K, reserved 1099776K
  class space    used 7807K, capacity 8292K, committed 8368K, reserved 1048576K
}
Event: 5.875 GC heap before
{Heap before GC invocations=12 (full 3):
 PSYoungGen      total 224256K, used 211456K [0x00000000e0000000, 0x00000000eeb80000, 0x0000000100000000)
  eden space 211456K, 100% used [0x00000000e0000000,0x00000000ece80000,0x00000000ece80000)
  from space 12800K, 0% used [0x00000000edf00000,0x00000000edf00000,0x00000000eeb80000)
  to   space 14848K, 0% used [0x00000000ece80000,0x00000000ece80000,0x00000000edd00000)
 ParOldGen       total 146944K, used 36900K [0x00000000a0000000, 0x00000000a8f80000, 0x00000000e0000000)
  object space 146944K, 25% used [0x00000000a0000000,0x00000000a2409378,0x00000000a8f80000)
 Metaspace       used 62238K, capacity 66216K, committed 66344K, reserved 1105920K
  class space    used 8674K, capacity 9424K, committed 9520K, reserved 1048576K
Event: 5.886 GC heap after
Heap after GC invocations=12 (full 3):
 PSYoungGen      total 226304K, used 14837K [0x00000000e0000000, 0x00000000eeb80000, 0x0000000100000000)
  eden space 211456K, 0% used [0x00000000e0000000,0x00000000e0000000,0x00000000ece80000)
  from space 14848K, 99% used [0x00000000ece80000,0x00000000edcfd4e0,0x00000000edd00000)
  to   space 12800K, 0% used [0x00000000edf00000,0x00000000edf00000,0x00000000eeb80000)
 ParOldGen       total 146944K, used 40186K [0x00000000a0000000, 0x00000000a8f80000, 0x00000000e0000000)
  object space 146944K, 27% used [0x00000000a0000000,0x00000000a273e878,0x00000000a8f80000)
 Metaspace       used 62238K, capacity 66216K, committed 66344K, reserved 1105920K
  class space    used 8674K, capacity 9424K, committed 9520K, reserved 1048576K
}

