# JRE version: OpenJDK Runtime Environment (8.0_242-b01) (build 1.8.0_242-release-1644-b01)
# Java VM: OpenJDK 64-Bit Server VM (25.242-b01 mixed mode windows-amd64 compressed oops)
Heap:
 PSYoungGen      total 456704K, used 48835K [0x00000000e0000000, 0x00000000fee80000, 0x0000000100000000)
  eden space 408064K, 8% used [0x00000000e0000000,0x00000000e2397d10,0x00000000f8e80000)
  from space 48640K, 25% used [0x00000000fbd00000,0x00000000fc918f70,0x00000000fec80000)
  to   space 47616K, 0% used [0x00000000f8e80000,0x00000000f8e80000,0x00000000fbd00000)
 ParOldGen       total 236544K, used 75094K [0x00000000a0000000, 0x00000000ae700000, 0x00000000e0000000)
  object space 236544K, 31% used [0x00000000a0000000,0x00000000a4955938,0x00000000ae700000)
 Metaspace       used 95622K, capacity 100166K, committed 101888K, reserved 1138688K
  class space    used 12245K, capacity 13202K, committed 13568K, reserved 1048576K
GC Heap History (10 events):
Event: 975.121 GC heap before
{Heap before GC invocations=16 (full 3):
 PSYoungGen      total 354304K, used 341632K [0x00000000e0000000, 0x00000000fae00000, 0x0000000100000000)
  eden space 321024K, 100% used [0x00000000e0000000,0x00000000f3980000,0x00000000f3980000)
  from space 33280K, 61% used [0x00000000f5a00000,0x00000000f6e20098,0x00000000f7a80000)
  to   space 33280K, 0% used [0x00000000f3980000,0x00000000f3980000,0x00000000f5a00000)
 ParOldGen       total 236544K, used 63208K [0x00000000a0000000, 0x00000000ae700000, 0x00000000e0000000)
  object space 236544K, 26% used [0x00000000a0000000,0x00000000a3dba1a0,0x00000000ae700000)
 Metaspace       used 89265K, capacity 94668K, committed 94976K, reserved 1132544K
  class space    used 11614K, capacity 12683K, committed 12800K, reserved 1048576K
Event: 975.135 GC heap after
Heap after GC invocations=16 (full 3):
 PSYoungGen      total 354304K, used 27137K [0x00000000e0000000, 0x00000000fa800000, 0x0000000100000000)
  eden space 321024K, 0% used [0x00000000e0000000,0x00000000e0000000,0x00000000f3980000)
  from space 33280K, 81% used [0x00000000f3980000,0x00000000f5400570,0x00000000f5a00000)
  to   space 35328K, 0% used [0x00000000f8580000,0x00000000f8580000,0x00000000fa800000)
 ParOldGen       total 236544K, used 63216K [0x00000000a0000000, 0x00000000ae700000, 0x00000000e0000000)
  object space 236544K, 26% used [0x00000000a0000000,0x00000000a3dbc1a0,0x00000000ae700000)
 Metaspace       used 89265K, capacity 94668K, committed 94976K, reserved 1132544K
  class space    used 11614K, capacity 12683K, committed 12800K, reserved 1048576K
}
Event: 976.703 GC heap before
{Heap before GC invocations=17 (full 3):
 PSYoungGen      total 354304K, used 348161K [0x00000000e0000000, 0x00000000fa800000, 0x0000000100000000)
  eden space 321024K, 100% used [0x00000000e0000000,0x00000000f3980000,0x00000000f3980000)
  from space 33280K, 81% used [0x00000000f3980000,0x00000000f5400570,0x00000000f5a00000)
  to   space 35328K, 0% used [0x00000000f8580000,0x00000000f8580000,0x00000000fa800000)
 ParOldGen       total 236544K, used 63216K [0x00000000a0000000, 0x00000000ae700000, 0x00000000e0000000)
  object space 236544K, 26% used [0x00000000a0000000,0x00000000a3dbc1a0,0x00000000ae700000)
 Metaspace       used 91835K, capacity 97376K, committed 97536K, reserved 1134592K
  class space    used 11902K, capacity 12969K, committed 13056K, reserved 1048576K
Event: 976.724 GC heap after
Heap after GC invocations=17 (full 3):
 PSYoungGen      total 386048K, used 35308K [0x00000000e0000000, 0x00000000fc300000, 0x0000000100000000)
  eden space 350720K, 0% used [0x00000000e0000000,0x00000000e0000000,0x00000000f5680000)
  from space 35328K, 99% used [0x00000000f8580000,0x00000000fa7fb090,0x00000000fa800000)
  to   space 48128K, 0% used [0x00000000f5680000,0x00000000f5680000,0x00000000f8580000)
 ParOldGen       total 236544K, used 84732K [0x00000000a0000000, 0x00000000ae700000, 0x00000000e0000000)
  object space 236544K, 35% used [0x00000000a0000000,0x00000000a52bf048,0x00000000ae700000)
 Metaspace       used 91835K, capacity 97376K, committed 97536K, reserved 1134592K
  class space    used 11902K, capacity 12969K, committed 13056K, reserved 1048576K
}
Event: 977.637 GC heap before
{Heap before GC invocations=18 (full 3):
 PSYoungGen      total 386048K, used 166339K [0x00000000e0000000, 0x00000000fc300000, 0x0000000100000000)
  eden space 350720K, 37% used [0x00000000e0000000,0x00000000e7ff5d10,0x00000000f5680000)
  from space 35328K, 99% used [0x00000000f8580000,0x00000000fa7fb090,0x00000000fa800000)
  to   space 48128K, 0% used [0x00000000f5680000,0x00000000f5680000,0x00000000f8580000)
 ParOldGen       total 236544K, used 84732K [0x00000000a0000000, 0x00000000ae700000, 0x00000000e0000000)
  object space 236544K, 35% used [0x00000000a0000000,0x00000000a52bf048,0x00000000ae700000)
 Metaspace       used 92832K, capacity 98362K, committed 98496K, reserved 1134592K
  class space    used 12016K, capacity 13098K, committed 13184K, reserved 1048576K
Event: 977.656 GC heap after
Heap after GC invocations=18 (full 3):
 PSYoungGen      total 398848K, used 30126K [0x00000000e0000000, 0x00000000fec80000, 0x0000000100000000)
  eden space 350720K, 0% used [0x00000000e0000000,0x00000000e0000000,0x00000000f5680000)
  from space 48128K, 62% used [0x00000000f5680000,0x00000000f73eba30,0x00000000f8580000)
  to   space 48640K, 0% used [0x00000000fbd00000,0x00000000fbd00000,0x00000000fec80000)
 ParOldGen       total 236544K, used 95251K [0x00000000a0000000, 0x00000000ae700000, 0x00000000e0000000)
  object space 236544K, 40% used [0x00000000a0000000,0x00000000a5d04f58,0x00000000ae700000)
 Metaspace       used 92832K, capacity 98362K, committed 98496K, reserved 1134592K
  class space    used 12016K, capacity 13098K, committed 13184K, reserved 1048576K
}
Event: 977.656 GC heap before
{Heap before GC invocations=19 (full 4):
 PSYoungGen      total 398848K, used 30126K [0x00000000e0000000, 0x00000000fec80000, 0x0000000100000000)
  eden space 350720K, 0% used [0x00000000e0000000,0x00000000e0000000,0x00000000f5680000)
  from space 48128K, 62% used [0x00000000f5680000,0x00000000f73eba30,0x00000000f8580000)
  to   space 48640K, 0% used [0x00000000fbd00000,0x00000000fbd00000,0x00000000fec80000)
 ParOldGen       total 236544K, used 95251K [0x00000000a0000000, 0x00000000ae700000, 0x00000000e0000000)
  object space 236544K, 40% used [0x00000000a0000000,0x00000000a5d04f58,0x00000000ae700000)
 Metaspace       used 92832K, capacity 98362K, committed 98496K, reserved 1134592K
  class space    used 12016K, capacity 13098K, committed 13184K, reserved 1048576K
Event: 977.824 GC heap after
Heap after GC invocations=19 (full 4):
 PSYoungGen      total 398848K, used 0K [0x00000000e0000000, 0x00000000fec80000, 0x0000000100000000)
  eden space 350720K, 0% used [0x00000000e0000000,0x00000000e0000000,0x00000000f5680000)
  from space 48128K, 0% used [0x00000000f5680000,0x00000000f5680000,0x00000000f8580000)
  to   space 48640K, 0% used [0x00000000fbd00000,0x00000000fbd00000,0x00000000fec80000)
 ParOldGen       total 236544K, used 75086K [0x00000000a0000000, 0x00000000ae700000, 0x00000000e0000000)
  object space 236544K, 31% used [0x00000000a0000000,0x00000000a4953938,0x00000000ae700000)
 Metaspace       used 92160K, capacity 96378K, committed 98496K, reserved 1134592K
  class space    used 11804K, capacity 12730K, committed 13184K, reserved 1048576K
}
Event: 980.083 GC heap before
{Heap before GC invocations=20 (full 4):
 PSYoungGen      total 398848K, used 350714K [0x00000000e0000000, 0x00000000fec80000, 0x0000000100000000)
  eden space 350720K, 99% used [0x00000000e0000000,0x00000000f567e9a0,0x00000000f5680000)
  from space 48128K, 0% used [0x00000000f5680000,0x00000000f5680000,0x00000000f8580000)
  to   space 48640K, 0% used [0x00000000fbd00000,0x00000000fbd00000,0x00000000fec80000)
 ParOldGen       total 236544K, used 75086K [0x00000000a0000000, 0x00000000ae700000, 0x00000000e0000000)
  object space 236544K, 31% used [0x00000000a0000000,0x00000000a4953938,0x00000000ae700000)
 Metaspace       used 94348K, capacity 98898K, committed 100480K, reserved 1136640K
  class space    used 12063K, capacity 13038K, committed 13440K, reserved 1048576K
Event: 980.094 GC heap after
Heap after GC invocations=20 (full 4):
 PSYoungGen      total 456704K, used 12387K [0x00000000e0000000, 0x00000000fee80000, 0x0000000100000000)
  eden space 408064K, 0% used [0x00000000e0000000,0x00000000e0000000,0x00000000f8e80000)
  from space 48640K, 25% used [0x00000000fbd00000,0x00000000fc918f70,0x00000000fec80000)
  to   space 47616K, 0% used [0x00000000f8e80000,0x00000000f8e80000,0x00000000fbd00000)
 ParOldGen       total 236544K, used 75094K [0x00000000a0000000, 0x00000000ae700000, 0x00000000e0000000)
  object space 236544K, 31% used [0x00000000a0000000,0x00000000a4955938,0x00000000ae700000)
 Metaspace       used 94348K, capacity 98898K, committed 100480K, reserved 1136640K
  class space    used 12063K, capacity 13038K, committed 13440K, reserved 1048576K
}

