# JRE version: OpenJDK Runtime Environment (8.0_242-b01) (build 1.8.0_242-release-1644-b01)
# Java VM: OpenJDK 64-Bit Server VM (25.242-b01 mixed mode windows-amd64 compressed oops)
Heap:
 PSYoungGen      total 140800K, used 40573K [0x00000000e0000000, 0x00000000e9400000, 0x0000000100000000)
  eden space 130048K, 22% used [0x00000000e0000000,0x00000000e1d1fe48,0x00000000e7f00000)
  from space 10752K, 99% used [0x00000000e7f00000,0x00000000e897f710,0x00000000e8980000)
  to   space 10752K, 0% used [0x00000000e8980000,0x00000000e8980000,0x00000000e9400000)
 ParOldGen       total 90624K, used 9919K [0x00000000a0000000, 0x00000000a5880000, 0x00000000e0000000)
  object space 90624K, 10% used [0x00000000a0000000,0x00000000a09affe8,0x00000000a5880000)
 Metaspace       used 33447K, capacity 34176K, committed 34352K, reserved 1079296K
  class space    used 4593K, capacity 4807K, committed 4912K, reserved 1048576K
GC Heap History (10 events):
Event: 2.790 GC heap before
{Heap before GC invocations=2 (full 0):
 PSYoungGen      total 75776K, used 70640K [0x00000000e0000000, 0x00000000e5480000, 0x0000000100000000)
  eden space 65024K, 100% used [0x00000000e0000000,0x00000000e3f80000,0x00000000e3f80000)
  from space 10752K, 52% used [0x00000000e3f80000,0x00000000e44fc3c0,0x00000000e4a00000)
  to   space 10752K, 0% used [0x00000000e4a00000,0x00000000e4a00000,0x00000000e5480000)
 ParOldGen       total 173568K, used 16K [0x00000000a0000000, 0x00000000aa980000, 0x00000000e0000000)
  object space 173568K, 0% used [0x00000000a0000000,0x00000000a0004000,0x00000000aa980000)
 Metaspace       used 14814K, capacity 15244K, committed 15488K, reserved 1062912K
  class space    used 1959K, capacity 2090K, committed 2176K, reserved 1048576K
Event: 2.805 GC heap after
Heap after GC invocations=2 (full 0):
 PSYoungGen      total 75776K, used 9125K [0x00000000e0000000, 0x00000000e9400000, 0x0000000100000000)
  eden space 65024K, 0% used [0x00000000e0000000,0x00000000e0000000,0x00000000e3f80000)
  from space 10752K, 84% used [0x00000000e4a00000,0x00000000e52e96a8,0x00000000e5480000)
  to   space 10752K, 0% used [0x00000000e3f80000,0x00000000e3f80000,0x00000000e4a00000)
 ParOldGen       total 173568K, used 24K [0x00000000a0000000, 0x00000000aa980000, 0x00000000e0000000)
  object space 173568K, 0% used [0x00000000a0000000,0x00000000a0006000,0x00000000aa980000)
 Metaspace       used 14814K, capacity 15244K, committed 15488K, reserved 1062912K
  class space    used 1959K, capacity 2090K, committed 2176K, reserved 1048576K
}
Event: 3.748 GC heap before
{Heap before GC invocations=3 (full 0):
 PSYoungGen      total 75776K, used 74149K [0x00000000e0000000, 0x00000000e9400000, 0x0000000100000000)
  eden space 65024K, 100% used [0x00000000e0000000,0x00000000e3f80000,0x00000000e3f80000)
  from space 10752K, 84% used [0x00000000e4a00000,0x00000000e52e96a8,0x00000000e5480000)
  to   space 10752K, 0% used [0x00000000e3f80000,0x00000000e3f80000,0x00000000e4a00000)
 ParOldGen       total 173568K, used 24K [0x00000000a0000000, 0x00000000aa980000, 0x00000000e0000000)
  object space 173568K, 0% used [0x00000000a0000000,0x00000000a0006000,0x00000000aa980000)
 Metaspace       used 20167K, capacity 20838K, committed 20992K, reserved 1067008K
  class space    used 2821K, capacity 3019K, committed 3072K, reserved 1048576K
Event: 3.761 GC heap after
Heap after GC invocations=3 (full 0):
 PSYoungGen      total 75776K, used 10749K [0x00000000e0000000, 0x00000000e9400000, 0x0000000100000000)
  eden space 65024K, 0% used [0x00000000e0000000,0x00000000e0000000,0x00000000e3f80000)
  from space 10752K, 99% used [0x00000000e3f80000,0x00000000e49ff718,0x00000000e4a00000)
  to   space 10752K, 0% used [0x00000000e8980000,0x00000000e8980000,0x00000000e9400000)
 ParOldGen       total 173568K, used 1106K [0x00000000a0000000, 0x00000000aa980000, 0x00000000e0000000)
  object space 173568K, 0% used [0x00000000a0000000,0x00000000a0114b60,0x00000000aa980000)
 Metaspace       used 20167K, capacity 20838K, committed 20992K, reserved 1067008K
  class space    used 2821K, capacity 3019K, committed 3072K, reserved 1048576K
}
Event: 3.837 GC heap before
{Heap before GC invocations=4 (full 0):
 PSYoungGen      total 75776K, used 19185K [0x00000000e0000000, 0x00000000e9400000, 0x0000000100000000)
  eden space 65024K, 12% used [0x00000000e0000000,0x00000000e083d0b8,0x00000000e3f80000)
  from space 10752K, 99% used [0x00000000e3f80000,0x00000000e49ff718,0x00000000e4a00000)
  to   space 10752K, 0% used [0x00000000e8980000,0x00000000e8980000,0x00000000e9400000)
 ParOldGen       total 173568K, used 1106K [0x00000000a0000000, 0x00000000aa980000, 0x00000000e0000000)
  object space 173568K, 0% used [0x00000000a0000000,0x00000000a0114b60,0x00000000aa980000)
 Metaspace       used 20644K, capacity 21260K, committed 21296K, reserved 1067008K
  class space    used 2892K, capacity 3116K, committed 3120K, reserved 1048576K
Event: 3.844 GC heap after
Heap after GC invocations=4 (full 0):
 PSYoungGen      total 140800K, used 7583K [0x00000000e0000000, 0x00000000e9400000, 0x0000000100000000)
  eden space 130048K, 0% used [0x00000000e0000000,0x00000000e0000000,0x00000000e7f00000)
  from space 10752K, 70% used [0x00000000e8980000,0x00000000e90e7e18,0x00000000e9400000)
  to   space 10752K, 0% used [0x00000000e7f00000,0x00000000e7f00000,0x00000000e8980000)
 ParOldGen       total 173568K, used 1114K [0x00000000a0000000, 0x00000000aa980000, 0x00000000e0000000)
  object space 173568K, 0% used [0x00000000a0000000,0x00000000a0116b60,0x00000000aa980000)
 Metaspace       used 20644K, capacity 21260K, committed 21296K, reserved 1067008K
  class space    used 2892K, capacity 3116K, committed 3120K, reserved 1048576K
}
Event: 3.844 GC heap before
{Heap before GC invocations=5 (full 1):
 PSYoungGen      total 140800K, used 7583K [0x00000000e0000000, 0x00000000e9400000, 0x0000000100000000)
  eden space 130048K, 0% used [0x00000000e0000000,0x00000000e0000000,0x00000000e7f00000)
  from space 10752K, 70% used [0x00000000e8980000,0x00000000e90e7e18,0x00000000e9400000)
  to   space 10752K, 0% used [0x00000000e7f00000,0x00000000e7f00000,0x00000000e8980000)
 ParOldGen       total 173568K, used 1114K [0x00000000a0000000, 0x00000000aa980000, 0x00000000e0000000)
  object space 173568K, 0% used [0x00000000a0000000,0x00000000a0116b60,0x00000000aa980000)
 Metaspace       used 20644K, capacity 21260K, committed 21296K, reserved 1067008K
  class space    used 2892K, capacity 3116K, committed 3120K, reserved 1048576K
Event: 3.882 GC heap after
Heap after GC invocations=5 (full 1):
 PSYoungGen      total 140800K, used 0K [0x00000000e0000000, 0x00000000e9400000, 0x0000000100000000)
  eden space 130048K, 0% used [0x00000000e0000000,0x00000000e0000000,0x00000000e7f00000)
  from space 10752K, 0% used [0x00000000e8980000,0x00000000e8980000,0x00000000e9400000)
  to   space 10752K, 0% used [0x00000000e7f00000,0x00000000e7f00000,0x00000000e8980000)
 ParOldGen       total 90624K, used 7358K [0x00000000a0000000, 0x00000000a5880000, 0x00000000e0000000)
  object space 90624K, 8% used [0x00000000a0000000,0x00000000a072faf0,0x00000000a5880000)
 Metaspace       used 20644K, capacity 21260K, committed 21296K, reserved 1067008K
  class space    used 2892K, capacity 3116K, committed 3120K, reserved 1048576K
}
Event: 5.423 GC heap before
{Heap before GC invocations=6 (full 1):
 PSYoungGen      total 140800K, used 130048K [0x00000000e0000000, 0x00000000e9400000, 0x0000000100000000)
  eden space 130048K, 100% used [0x00000000e0000000,0x00000000e7f00000,0x00000000e7f00000)
  from space 10752K, 0% used [0x00000000e8980000,0x00000000e8980000,0x00000000e9400000)
  to   space 10752K, 0% used [0x00000000e7f00000,0x00000000e7f00000,0x00000000e8980000)
 ParOldGen       total 90624K, used 7358K [0x00000000a0000000, 0x00000000a5880000, 0x00000000e0000000)
  object space 90624K, 8% used [0x00000000a0000000,0x00000000a072faf0,0x00000000a5880000)
 Metaspace       used 32249K, capacity 33048K, committed 33328K, reserved 1077248K
  class space    used 4403K, capacity 4609K, committed 4656K, reserved 1048576K
Event: 5.435 GC heap after
Heap after GC invocations=6 (full 1):
 PSYoungGen      total 140800K, used 10749K [0x00000000e0000000, 0x00000000e9400000, 0x0000000100000000)
  eden space 130048K, 0% used [0x00000000e0000000,0x00000000e0000000,0x00000000e7f00000)
  from space 10752K, 99% used [0x00000000e7f00000,0x00000000e897f710,0x00000000e8980000)
  to   space 10752K, 0% used [0x00000000e8980000,0x00000000e8980000,0x00000000e9400000)
 ParOldGen       total 90624K, used 9919K [0x00000000a0000000, 0x00000000a5880000, 0x00000000e0000000)
  object space 90624K, 10% used [0x00000000a0000000,0x00000000a09affe8,0x00000000a5880000)
 Metaspace       used 32249K, capacity 33048K, committed 33328K, reserved 1077248K
  class space    used 4403K, capacity 4609K, committed 4656K, reserved 1048576K
}

