# JRE version: OpenJDK Runtime Environment (8.0_242-b01) (build 1.8.0_242-release-1644-b01)
# Java VM: OpenJDK 64-Bit Server VM (25.242-b01 mixed mode windows-amd64 compressed oops)
Heap:
 PSYoungGen      total 270848K, used 130155K [0x00000000e0000000, 0x00000000f4100000, 0x0000000100000000)
  eden space 228352K, 47% used [0x00000000e0000000,0x00000000e6af8a68,0x00000000edf00000)
  from space 42496K, 48% used [0x00000000edf00000,0x00000000ef3223c8,0x00000000f0880000)
  to   space 40448K, 0% used [0x00000000f1980000,0x00000000f1980000,0x00000000f4100000)
 ParOldGen       total 358400K, used 76149K [0x00000000a0000000, 0x00000000b5e00000, 0x00000000e0000000)
  object space 358400K, 21% used [0x00000000a0000000,0x00000000a4a5d658,0x00000000b5e00000)
 Metaspace       used 104788K, capacity 111300K, committed 111528K, reserved 1146880K
  class space    used 13689K, capacity 14974K, committed 15024K, reserved 1048576K
GC Heap History (10 events):
Event: 614.475 GC heap before
{Heap before GC invocations=21 (full 3):
 PSYoungGen      total 274432K, used 274332K [0x00000000e0000000, 0x00000000f3280000, 0x0000000100000000)
  eden space 248832K, 99% used [0x00000000e0000000,0x00000000ef2ef118,0x00000000ef300000)
  from space 25600K, 99% used [0x00000000f0f80000,0x00000000f28781b8,0x00000000f2880000)
  to   space 10240K, 0% used [0x00000000f2880000,0x00000000f2880000,0x00000000f3280000)
 ParOldGen       total 217088K, used 64746K [0x00000000a0000000, 0x00000000ad400000, 0x00000000e0000000)
  object space 217088K, 29% used [0x00000000a0000000,0x00000000a3f3ab80,0x00000000ad400000)
 Metaspace       used 89708K, capacity 96162K, committed 96296K, reserved 1132544K
  class space    used 11859K, capacity 13037K, committed 13104K, reserved 1048576K
Event: 614.512 GC heap after
Heap after GC invocations=21 (full 3):
 PSYoungGen      total 251904K, used 10224K [0x00000000e0000000, 0x00000000f3d00000, 0x0000000100000000)
  eden space 241664K, 0% used [0x00000000e0000000,0x00000000e0000000,0x00000000eec00000)
  from space 10240K, 99% used [0x00000000f2880000,0x00000000f327c020,0x00000000f3280000)
  to   space 41472K, 0% used [0x00000000eec00000,0x00000000eec00000,0x00000000f1480000)
 ParOldGen       total 217088K, used 103761K [0x00000000a0000000, 0x00000000ad400000, 0x00000000e0000000)
  object space 217088K, 47% used [0x00000000a0000000,0x00000000a65546f0,0x00000000ad400000)
 Metaspace       used 89708K, capacity 96162K, committed 96296K, reserved 1132544K
  class space    used 11859K, capacity 13037K, committed 13104K, reserved 1048576K
}
Event: 619.759 GC heap before
{Heap before GC invocations=22 (full 3):
 PSYoungGen      total 251904K, used 251888K [0x00000000e0000000, 0x00000000f3d00000, 0x0000000100000000)
  eden space 241664K, 100% used [0x00000000e0000000,0x00000000eec00000,0x00000000eec00000)
  from space 10240K, 99% used [0x00000000f2880000,0x00000000f327c020,0x00000000f3280000)
  to   space 41472K, 0% used [0x00000000eec00000,0x00000000eec00000,0x00000000f1480000)
 ParOldGen       total 217088K, used 103761K [0x00000000a0000000, 0x00000000ad400000, 0x00000000e0000000)
  object space 217088K, 47% used [0x00000000a0000000,0x00000000a65546f0,0x00000000ad400000)
 Metaspace       used 90953K, capacity 97366K, committed 97704K, reserved 1134592K
  class space    used 11966K, capacity 13121K, committed 13232K, reserved 1048576K
Event: 619.774 GC heap after
Heap after GC invocations=22 (full 3):
 PSYoungGen      total 260096K, used 24781K [0x00000000e0000000, 0x00000000f3680000, 0x0000000100000000)
  eden space 235008K, 0% used [0x00000000e0000000,0x00000000e0000000,0x00000000ee580000)
  from space 25088K, 98% used [0x00000000eec00000,0x00000000f04335e8,0x00000000f0480000)
  to   space 41472K, 0% used [0x00000000f0e00000,0x00000000f0e00000,0x00000000f3680000)
 ParOldGen       total 217088K, used 106130K [0x00000000a0000000, 0x00000000ad400000, 0x00000000e0000000)
  object space 217088K, 48% used [0x00000000a0000000,0x00000000a67a4950,0x00000000ad400000)
 Metaspace       used 90953K, capacity 97366K, committed 97704K, reserved 1134592K
  class space    used 11966K, capacity 13121K, committed 13232K, reserved 1048576K
}
Event: 620.566 GC heap before
{Heap before GC invocations=23 (full 3):
 PSYoungGen      total 260096K, used 140811K [0x00000000e0000000, 0x00000000f3680000, 0x0000000100000000)
  eden space 235008K, 49% used [0x00000000e0000000,0x00000000e714f8a8,0x00000000ee580000)
  from space 25088K, 98% used [0x00000000eec00000,0x00000000f04335e8,0x00000000f0480000)
  to   space 41472K, 0% used [0x00000000f0e00000,0x00000000f0e00000,0x00000000f3680000)
 ParOldGen       total 217088K, used 106130K [0x00000000a0000000, 0x00000000ad400000, 0x00000000e0000000)
  object space 217088K, 48% used [0x00000000a0000000,0x00000000a67a4950,0x00000000ad400000)
 Metaspace       used 91985K, capacity 98520K, committed 98600K, reserved 1134592K
  class space    used 12096K, capacity 13314K, committed 13360K, reserved 1048576K
Event: 620.581 GC heap after
Heap after GC invocations=23 (full 3):
 PSYoungGen      total 265216K, used 27750K [0x00000000e0000000, 0x00000000f3200000, 0x0000000100000000)
  eden space 228352K, 0% used [0x00000000e0000000,0x00000000e0000000,0x00000000edf00000)
  from space 36864K, 75% used [0x00000000f0e00000,0x00000000f2919b68,0x00000000f3200000)
  to   space 42496K, 0% used [0x00000000edf00000,0x00000000edf00000,0x00000000f0880000)
 ParOldGen       total 217088K, used 106138K [0x00000000a0000000, 0x00000000ad400000, 0x00000000e0000000)
  object space 217088K, 48% used [0x00000000a0000000,0x00000000a67a6950,0x00000000ad400000)
 Metaspace       used 91985K, capacity 98520K, committed 98600K, reserved 1134592K
  class space    used 12096K, capacity 13314K, committed 13360K, reserved 1048576K
}
Event: 620.581 GC heap before
{Heap before GC invocations=24 (full 4):
 PSYoungGen      total 265216K, used 27750K [0x00000000e0000000, 0x00000000f3200000, 0x0000000100000000)
  eden space 228352K, 0% used [0x00000000e0000000,0x00000000e0000000,0x00000000edf00000)
  from space 36864K, 75% used [0x00000000f0e00000,0x00000000f2919b68,0x00000000f3200000)
  to   space 42496K, 0% used [0x00000000edf00000,0x00000000edf00000,0x00000000f0880000)
 ParOldGen       total 217088K, used 106138K [0x00000000a0000000, 0x00000000ad400000, 0x00000000e0000000)
  object space 217088K, 48% used [0x00000000a0000000,0x00000000a67a6950,0x00000000ad400000)
 Metaspace       used 91985K, capacity 98520K, committed 98600K, reserved 1134592K
  class space    used 12096K, capacity 13314K, committed 13360K, reserved 1048576K
Event: 620.826 GC heap after
Heap after GC invocations=24 (full 4):
 PSYoungGen      total 265216K, used 0K [0x00000000e0000000, 0x00000000f3200000, 0x0000000100000000)
  eden space 228352K, 0% used [0x00000000e0000000,0x00000000e0000000,0x00000000edf00000)
  from space 36864K, 0% used [0x00000000f0e00000,0x00000000f0e00000,0x00000000f3200000)
  to   space 42496K, 0% used [0x00000000edf00000,0x00000000edf00000,0x00000000f0880000)
 ParOldGen       total 358400K, used 76125K [0x00000000a0000000, 0x00000000b5e00000, 0x00000000e0000000)
  object space 358400K, 21% used [0x00000000a0000000,0x00000000a4a57658,0x00000000b5e00000)
 Metaspace       used 91061K, capacity 95846K, committed 98600K, reserved 1134592K
  class space    used 11804K, capacity 12815K, committed 13360K, reserved 1048576K
}
Event: 624.087 GC heap before
{Heap before GC invocations=25 (full 4):
 PSYoungGen      total 265216K, used 228352K [0x00000000e0000000, 0x00000000f3200000, 0x0000000100000000)
  eden space 228352K, 100% used [0x00000000e0000000,0x00000000edf00000,0x00000000edf00000)
  from space 36864K, 0% used [0x00000000f0e00000,0x00000000f0e00000,0x00000000f3200000)
  to   space 42496K, 0% used [0x00000000edf00000,0x00000000edf00000,0x00000000f0880000)
 ParOldGen       total 358400K, used 76125K [0x00000000a0000000, 0x00000000b5e00000, 0x00000000e0000000)
  object space 358400K, 21% used [0x00000000a0000000,0x00000000a4a57658,0x00000000b5e00000)
 Metaspace       used 100376K, capacity 106112K, committed 107304K, reserved 1142784K
  class space    used 12965K, capacity 14156K, committed 14384K, reserved 1048576K
Event: 624.108 GC heap after
Heap after GC invocations=25 (full 4):
 PSYoungGen      total 270848K, used 20616K [0x00000000e0000000, 0x00000000f4100000, 0x0000000100000000)
  eden space 228352K, 0% used [0x00000000e0000000,0x00000000e0000000,0x00000000edf00000)
  from space 42496K, 48% used [0x00000000edf00000,0x00000000ef3223c8,0x00000000f0880000)
  to   space 40448K, 0% used [0x00000000f1980000,0x00000000f1980000,0x00000000f4100000)
 ParOldGen       total 358400K, used 76149K [0x00000000a0000000, 0x00000000b5e00000, 0x00000000e0000000)
  object space 358400K, 21% used [0x00000000a0000000,0x00000000a4a5d658,0x00000000b5e00000)
 Metaspace       used 100376K, capacity 106112K, committed 107304K, reserved 1142784K
  class space    used 12965K, capacity 14156K, committed 14384K, reserved 1048576K
}

