# JRE version: OpenJDK Runtime Environment (8.0_242-b01) (build 1.8.0_242-release-1644-b01)
# Java VM: OpenJDK 64-Bit Server VM (25.242-b01 mixed mode windows-amd64 compressed oops)
Heap:
 PSYoungGen      total 262656K, used 220794K [0x00000000e0000000, 0x00000000f5900000, 0x0000000100000000)
  eden space 227328K, 81% used [0x00000000e0000000,0x00000000eb520bd8,0x00000000ede00000)
  from space 35328K, 99% used [0x00000000ede00000,0x00000000f007de20,0x00000000f0080000)
  to   space 41984K, 0% used [0x00000000f3000000,0x00000000f3000000,0x00000000f5900000)
 ParOldGen       total 238592K, used 75321K [0x00000000a0000000, 0x00000000ae900000, 0x00000000e0000000)
  object space 238592K, 31% used [0x00000000a0000000,0x00000000a498e6c0,0x00000000ae900000)
 Metaspace       used 85666K, capacity 91832K, committed 91944K, reserved 1128448K
  class space    used 11708K, capacity 12824K, committed 12848K, reserved 1048576K
GC Heap History (10 events):
Event: 10.573 GC heap before
{Heap before GC invocations=14 (full 3):
 PSYoungGen      total 196608K, used 178176K [0x00000000e0000000, 0x00000000ee500000, 0x0000000100000000)
  eden space 178176K, 100% used [0x00000000e0000000,0x00000000eae00000,0x00000000eae00000)
  from space 18432K, 0% used [0x00000000ec000000,0x00000000ec000000,0x00000000ed200000)
  to   space 18432K, 0% used [0x00000000eae00000,0x00000000eae00000,0x00000000ec000000)
 ParOldGen       total 238592K, used 34061K [0x00000000a0000000, 0x00000000ae900000, 0x00000000e0000000)
  object space 238592K, 14% used [0x00000000a0000000,0x00000000a21437d0,0x00000000ae900000)
 Metaspace       used 61981K, capacity 65790K, committed 65960K, reserved 1105920K
  class space    used 8643K, capacity 9389K, committed 9392K, reserved 1048576K
Event: 10.589 GC heap after
Heap after GC invocations=14 (full 3):
 PSYoungGen      total 196608K, used 16435K [0x00000000e0000000, 0x00000000eef80000, 0x0000000100000000)
  eden space 178176K, 0% used [0x00000000e0000000,0x00000000e0000000,0x00000000eae00000)
  from space 18432K, 89% used [0x00000000eae00000,0x00000000ebe0ce70,0x00000000ec000000)
  to   space 19456K, 0% used [0x00000000edc80000,0x00000000edc80000,0x00000000eef80000)
 ParOldGen       total 238592K, used 34069K [0x00000000a0000000, 0x00000000ae900000, 0x00000000e0000000)
  object space 238592K, 14% used [0x00000000a0000000,0x00000000a21457d0,0x00000000ae900000)
 Metaspace       used 61981K, capacity 65790K, committed 65960K, reserved 1105920K
  class space    used 8643K, capacity 9389K, committed 9392K, reserved 1048576K
}
Event: 12.817 GC heap before
{Heap before GC invocations=15 (full 3):
 PSYoungGen      total 196608K, used 194611K [0x00000000e0000000, 0x00000000eef80000, 0x0000000100000000)
  eden space 178176K, 100% used [0x00000000e0000000,0x00000000eae00000,0x00000000eae00000)
  from space 18432K, 89% used [0x00000000eae00000,0x00000000ebe0ce70,0x00000000ec000000)
  to   space 19456K, 0% used [0x00000000edc80000,0x00000000edc80000,0x00000000eef80000)
 ParOldGen       total 238592K, used 34069K [0x00000000a0000000, 0x00000000ae900000, 0x00000000e0000000)
  object space 238592K, 14% used [0x00000000a0000000,0x00000000a21457d0,0x00000000ae900000)
 Metaspace       used 66529K, capacity 70584K, committed 70696K, reserved 1110016K
  class space    used 9216K, capacity 9998K, committed 10032K, reserved 1048576K
Event: 12.835 GC heap after
Heap after GC invocations=15 (full 3):
 PSYoungGen      total 219648K, used 19437K [0x00000000e0000000, 0x00000000efa00000, 0x0000000100000000)
  eden space 200192K, 0% used [0x00000000e0000000,0x00000000e0000000,0x00000000ec380000)
  from space 19456K, 99% used [0x00000000edc80000,0x00000000eef7b530,0x00000000eef80000)
  to   space 25600K, 0% used [0x00000000ec380000,0x00000000ec380000,0x00000000edc80000)
 ParOldGen       total 238592K, used 43784K [0x00000000a0000000, 0x00000000ae900000, 0x00000000e0000000)
  object space 238592K, 18% used [0x00000000a0000000,0x00000000a2ac2278,0x00000000ae900000)
 Metaspace       used 66529K, capacity 70584K, committed 70696K, reserved 1110016K
  class space    used 9216K, capacity 9998K, committed 10032K, reserved 1048576K
}
Event: 14.938 GC heap before
{Heap before GC invocations=16 (full 3):
 PSYoungGen      total 219648K, used 219629K [0x00000000e0000000, 0x00000000efa00000, 0x0000000100000000)
  eden space 200192K, 100% used [0x00000000e0000000,0x00000000ec380000,0x00000000ec380000)
  from space 19456K, 99% used [0x00000000edc80000,0x00000000eef7b530,0x00000000eef80000)
  to   space 25600K, 0% used [0x00000000ec380000,0x00000000ec380000,0x00000000edc80000)
 ParOldGen       total 238592K, used 43784K [0x00000000a0000000, 0x00000000ae900000, 0x00000000e0000000)
  object space 238592K, 18% used [0x00000000a0000000,0x00000000a2ac2278,0x00000000ae900000)
 Metaspace       used 72679K, capacity 76946K, committed 77096K, reserved 1116160K
  class space    used 9946K, capacity 10787K, committed 10800K, reserved 1048576K
Event: 14.962 GC heap after
Heap after GC invocations=16 (full 3):
 PSYoungGen      total 225792K, used 25580K [0x00000000e0000000, 0x00000000f2080000, 0x0000000100000000)
  eden space 200192K, 0% used [0x00000000e0000000,0x00000000e0000000,0x00000000ec380000)
  from space 25600K, 99% used [0x00000000ec380000,0x00000000edc7b210,0x00000000edc80000)
  to   space 32768K, 0% used [0x00000000f0080000,0x00000000f0080000,0x00000000f2080000)
 ParOldGen       total 238592K, used 54948K [0x00000000a0000000, 0x00000000ae900000, 0x00000000e0000000)
  object space 238592K, 23% used [0x00000000a0000000,0x00000000a35a92f0,0x00000000ae900000)
 Metaspace       used 72679K, capacity 76946K, committed 77096K, reserved 1116160K
  class space    used 9946K, capacity 10787K, committed 10800K, reserved 1048576K
}
Event: 17.248 GC heap before
{Heap before GC invocations=17 (full 3):
 PSYoungGen      total 225792K, used 225772K [0x00000000e0000000, 0x00000000f2080000, 0x0000000100000000)
  eden space 200192K, 100% used [0x00000000e0000000,0x00000000ec380000,0x00000000ec380000)
  from space 25600K, 99% used [0x00000000ec380000,0x00000000edc7b210,0x00000000edc80000)
  to   space 32768K, 0% used [0x00000000f0080000,0x00000000f0080000,0x00000000f2080000)
 ParOldGen       total 238592K, used 54948K [0x00000000a0000000, 0x00000000ae900000, 0x00000000e0000000)
  object space 238592K, 23% used [0x00000000a0000000,0x00000000a35a92f0,0x00000000ae900000)
 Metaspace       used 78356K, capacity 83272K, committed 83496K, reserved 1122304K
  class space    used 10621K, capacity 11558K, committed 11568K, reserved 1048576K
Event: 17.279 GC heap after
Heap after GC invocations=17 (full 3):
 PSYoungGen      total 260096K, used 27308K [0x00000000e0000000, 0x00000000f2680000, 0x0000000100000000)
  eden space 227328K, 0% used [0x00000000e0000000,0x00000000e0000000,0x00000000ede00000)
  from space 32768K, 83% used [0x00000000f0080000,0x00000000f1b2b2d0,0x00000000f2080000)
  to   space 35328K, 0% used [0x00000000ede00000,0x00000000ede00000,0x00000000f0080000)
 ParOldGen       total 238592K, used 71977K [0x00000000a0000000, 0x00000000ae900000, 0x00000000e0000000)
  object space 238592K, 30% used [0x00000000a0000000,0x00000000a464a5e8,0x00000000ae900000)
 Metaspace       used 78356K, capacity 83272K, committed 83496K, reserved 1122304K
  class space    used 10621K, capacity 11558K, committed 11568K, reserved 1048576K
}
Event: 18.443 GC heap before
{Heap before GC invocations=18 (full 3):
 PSYoungGen      total 260096K, used 254636K [0x00000000e0000000, 0x00000000f2680000, 0x0000000100000000)
  eden space 227328K, 100% used [0x00000000e0000000,0x00000000ede00000,0x00000000ede00000)
  from space 32768K, 83% used [0x00000000f0080000,0x00000000f1b2b2d0,0x00000000f2080000)
  to   space 35328K, 0% used [0x00000000ede00000,0x00000000ede00000,0x00000000f0080000)
 ParOldGen       total 238592K, used 71977K [0x00000000a0000000, 0x00000000ae900000, 0x00000000e0000000)
  object space 238592K, 30% used [0x00000000a0000000,0x00000000a464a5e8,0x00000000ae900000)
 Metaspace       used 84579K, capacity 90560K, committed 90792K, reserved 1128448K
  class space    used 11543K, capacity 12650K, committed 12720K, reserved 1048576K
Event: 18.473 GC heap after
Heap after GC invocations=18 (full 3):
 PSYoungGen      total 262656K, used 35319K [0x00000000e0000000, 0x00000000f5900000, 0x0000000100000000)
  eden space 227328K, 0% used [0x00000000e0000000,0x00000000e0000000,0x00000000ede00000)
  from space 35328K, 99% used [0x00000000ede00000,0x00000000f007de20,0x00000000f0080000)
  to   space 41984K, 0% used [0x00000000f3000000,0x00000000f3000000,0x00000000f5900000)
 ParOldGen       total 238592K, used 75321K [0x00000000a0000000, 0x00000000ae900000, 0x00000000e0000000)
  object space 238592K, 31% used [0x00000000a0000000,0x00000000a498e6c0,0x00000000ae900000)
 Metaspace       used 84579K, capacity 90560K, committed 90792K, reserved 1128448K
  class space    used 11543K, capacity 12650K, committed 12720K, reserved 1048576K
}

