# JRE version: OpenJDK Runtime Environment (8.0_242-b01) (build 1.8.0_242-release-1644-b01)
# Java VM: OpenJDK 64-Bit Server VM (25.242-b01 mixed mode windows-amd64 compressed oops)
Heap:
 PSYoungGen      total 228864K, used 20608K [0x00000000e0000000, 0x00000000ef000000, 0x0000000100000000)
  eden space 216064K, 9% used [0x00000000e0000000,0x00000000e14203b8,0x00000000ed300000)
  from space 12800K, 0% used [0x00000000ee380000,0x00000000ee380000,0x00000000ef000000)
  to   space 14848K, 0% used [0x00000000ed300000,0x00000000ed300000,0x00000000ee180000)
 ParOldGen       total 215552K, used 36154K [0x00000000a0000000, 0x00000000ad280000, 0x00000000e0000000)
  object space 215552K, 16% used [0x00000000a0000000,0x00000000a234ebe0,0x00000000ad280000)
 Metaspace       used 57889K, capacity 59914K, committed 60208K, reserved 1101824K
  class space    used 7979K, capacity 8481K, committed 8496K, reserved 1048576K
GC Heap History (10 events):
Event: 2.727 GC heap before
{Heap before GC invocations=7 (full 1):
 PSYoungGen      total 140800K, used 61930K [0x00000000e0000000, 0x00000000ef280000, 0x0000000100000000)
  eden space 130048K, 39% used [0x00000000e0000000,0x00000000e31fe858,0x00000000e7f00000)
  from space 10752K, 99% used [0x00000000e7f00000,0x00000000e897c000,0x00000000e8980000)
  to   space 15360K, 0% used [0x00000000ee380000,0x00000000ee380000,0x00000000ef280000)
 ParOldGen       total 92672K, used 9913K [0x00000000a0000000, 0x00000000a5a80000, 0x00000000e0000000)
  object space 92672K, 10% used [0x00000000a0000000,0x00000000a09ae4b0,0x00000000a5a80000)
 Metaspace       used 34563K, capacity 35402K, committed 35496K, reserved 1079296K
  class space    used 4748K, capacity 4972K, committed 5040K, reserved 1048576K
Event: 2.732 GC heap after
Heap after GC invocations=7 (full 1):
 PSYoungGen      total 228864K, used 9043K [0x00000000e0000000, 0x00000000ef000000, 0x0000000100000000)
  eden space 216064K, 0% used [0x00000000e0000000,0x00000000e0000000,0x00000000ed300000)
  from space 12800K, 70% used [0x00000000ee380000,0x00000000eec54d40,0x00000000ef000000)
  to   space 14848K, 0% used [0x00000000ed300000,0x00000000ed300000,0x00000000ee180000)
 ParOldGen       total 92672K, used 9921K [0x00000000a0000000, 0x00000000a5a80000, 0x00000000e0000000)
  object space 92672K, 10% used [0x00000000a0000000,0x00000000a09b04b0,0x00000000a5a80000)
 Metaspace       used 34563K, capacity 35402K, committed 35496K, reserved 1079296K
  class space    used 4748K, capacity 4972K, committed 5040K, reserved 1048576K
}
Event: 2.732 GC heap before
{Heap before GC invocations=8 (full 2):
 PSYoungGen      total 228864K, used 9043K [0x00000000e0000000, 0x00000000ef000000, 0x0000000100000000)
  eden space 216064K, 0% used [0x00000000e0000000,0x00000000e0000000,0x00000000ed300000)
  from space 12800K, 70% used [0x00000000ee380000,0x00000000eec54d40,0x00000000ef000000)
  to   space 14848K, 0% used [0x00000000ed300000,0x00000000ed300000,0x00000000ee180000)
 ParOldGen       total 92672K, used 9921K [0x00000000a0000000, 0x00000000a5a80000, 0x00000000e0000000)
  object space 92672K, 10% used [0x00000000a0000000,0x00000000a09b04b0,0x00000000a5a80000)
 Metaspace       used 34563K, capacity 35402K, committed 35496K, reserved 1079296K
  class space    used 4748K, capacity 4972K, committed 5040K, reserved 1048576K
Event: 2.760 GC heap after
Heap after GC invocations=8 (full 2):
 PSYoungGen      total 228864K, used 0K [0x00000000e0000000, 0x00000000ef000000, 0x0000000100000000)
  eden space 216064K, 0% used [0x00000000e0000000,0x00000000e0000000,0x00000000ed300000)
  from space 12800K, 0% used [0x00000000ee380000,0x00000000ee380000,0x00000000ef000000)
  to   space 14848K, 0% used [0x00000000ed300000,0x00000000ed300000,0x00000000ee180000)
 ParOldGen       total 139264K, used 15564K [0x00000000a0000000, 0x00000000a8800000, 0x00000000e0000000)
  object space 139264K, 11% used [0x00000000a0000000,0x00000000a0f33128,0x00000000a8800000)
 Metaspace       used 34563K, capacity 35402K, committed 35496K, reserved 1079296K
  class space    used 4748K, capacity 4972K, committed 5040K, reserved 1048576K
}
Event: 4.122 GC heap before
{Heap before GC invocations=9 (full 2):
 PSYoungGen      total 228864K, used 216064K [0x00000000e0000000, 0x00000000ef000000, 0x0000000100000000)
  eden space 216064K, 100% used [0x00000000e0000000,0x00000000ed300000,0x00000000ed300000)
  from space 12800K, 0% used [0x00000000ee380000,0x00000000ee380000,0x00000000ef000000)
  to   space 14848K, 0% used [0x00000000ed300000,0x00000000ed300000,0x00000000ee180000)
 ParOldGen       total 139264K, used 15564K [0x00000000a0000000, 0x00000000a8800000, 0x00000000e0000000)
  object space 139264K, 11% used [0x00000000a0000000,0x00000000a0f33128,0x00000000a8800000)
 Metaspace       used 50784K, capacity 52666K, committed 52912K, reserved 1095680K
  class space    used 6820K, capacity 7262K, committed 7344K, reserved 1048576K
Event: 4.134 GC heap after
Heap after GC invocations=9 (full 2):
 PSYoungGen      total 230912K, used 14820K [0x00000000e0000000, 0x00000000ef000000, 0x0000000100000000)
  eden space 216064K, 0% used [0x00000000e0000000,0x00000000e0000000,0x00000000ed300000)
  from space 14848K, 99% used [0x00000000ed300000,0x00000000ee179310,0x00000000ee180000)
  to   space 12800K, 0% used [0x00000000ee380000,0x00000000ee380000,0x00000000ef000000)
 ParOldGen       total 139264K, used 26138K [0x00000000a0000000, 0x00000000a8800000, 0x00000000e0000000)
  object space 139264K, 18% used [0x00000000a0000000,0x00000000a1986b80,0x00000000a8800000)
 Metaspace       used 50784K, capacity 52666K, committed 52912K, reserved 1095680K
  class space    used 6820K, capacity 7262K, committed 7344K, reserved 1048576K
}
Event: 4.713 GC heap before
{Heap before GC invocations=10 (full 2):
 PSYoungGen      total 230912K, used 107806K [0x00000000e0000000, 0x00000000ef000000, 0x0000000100000000)
  eden space 216064K, 43% used [0x00000000e0000000,0x00000000e5ace678,0x00000000ed300000)
  from space 14848K, 99% used [0x00000000ed300000,0x00000000ee179310,0x00000000ee180000)
  to   space 12800K, 0% used [0x00000000ee380000,0x00000000ee380000,0x00000000ef000000)
 ParOldGen       total 139264K, used 26138K [0x00000000a0000000, 0x00000000a8800000, 0x00000000e0000000)
  object space 139264K, 18% used [0x00000000a0000000,0x00000000a1986b80,0x00000000a8800000)
 Metaspace       used 56920K, capacity 59092K, committed 59160K, reserved 1099776K
  class space    used 7823K, capacity 8320K, committed 8368K, reserved 1048576K
Event: 4.723 GC heap after
Heap after GC invocations=10 (full 2):
 PSYoungGen      total 228864K, used 12768K [0x00000000e0000000, 0x00000000ef000000, 0x0000000100000000)
  eden space 216064K, 0% used [0x00000000e0000000,0x00000000e0000000,0x00000000ed300000)
  from space 12800K, 99% used [0x00000000ee380000,0x00000000eeff8060,0x00000000ef000000)
  to   space 14848K, 0% used [0x00000000ed300000,0x00000000ed300000,0x00000000ee180000)
 ParOldGen       total 139264K, used 37460K [0x00000000a0000000, 0x00000000a8800000, 0x00000000e0000000)
  object space 139264K, 26% used [0x00000000a0000000,0x00000000a24953c0,0x00000000a8800000)
 Metaspace       used 56920K, capacity 59092K, committed 59160K, reserved 1099776K
  class space    used 7823K, capacity 8320K, committed 8368K, reserved 1048576K
}
Event: 4.723 GC heap before
{Heap before GC invocations=11 (full 3):
 PSYoungGen      total 228864K, used 12768K [0x00000000e0000000, 0x00000000ef000000, 0x0000000100000000)
  eden space 216064K, 0% used [0x00000000e0000000,0x00000000e0000000,0x00000000ed300000)
  from space 12800K, 99% used [0x00000000ee380000,0x00000000eeff8060,0x00000000ef000000)
  to   space 14848K, 0% used [0x00000000ed300000,0x00000000ed300000,0x00000000ee180000)
 ParOldGen       total 139264K, used 37460K [0x00000000a0000000, 0x00000000a8800000, 0x00000000e0000000)
  object space 139264K, 26% used [0x00000000a0000000,0x00000000a24953c0,0x00000000a8800000)
 Metaspace       used 56920K, capacity 59092K, committed 59160K, reserved 1099776K
  class space    used 7823K, capacity 8320K, committed 8368K, reserved 1048576K
Event: 4.891 GC heap after
Heap after GC invocations=11 (full 3):
 PSYoungGen      total 228864K, used 0K [0x00000000e0000000, 0x00000000ef000000, 0x0000000100000000)
  eden space 216064K, 0% used [0x00000000e0000000,0x00000000e0000000,0x00000000ed300000)
  from space 12800K, 0% used [0x00000000ee380000,0x00000000ee380000,0x00000000ef000000)
  to   space 14848K, 0% used [0x00000000ed300000,0x00000000ed300000,0x00000000ee180000)
 ParOldGen       total 215552K, used 36154K [0x00000000a0000000, 0x00000000ad280000, 0x00000000e0000000)
  object space 215552K, 16% used [0x00000000a0000000,0x00000000a234ebe0,0x00000000ad280000)
 Metaspace       used 56869K, capacity 58918K, committed 59160K, reserved 1099776K
  class space    used 7807K, capacity 8291K, committed 8368K, reserved 1048576K
}

