# JRE version: OpenJDK Runtime Environment (8.0_242-b01) (build 1.8.0_242-release-1644-b01)
# Java VM: OpenJDK 64-Bit Server VM (25.242-b01 mixed mode windows-amd64 compressed oops)
Heap:
 PSYoungGen      total 417792K, used 131366K [0x00000000e0000000, 0x00000000ff980000, 0x0000000100000000)
  eden space 386560K, 26% used [0x00000000e0000000,0x00000000e6233f58,0x00000000f7980000)
  from space 31232K, 98% used [0x00000000f7980000,0x00000000f9795ae0,0x00000000f9800000)
  to   space 35328K, 0% used [0x00000000fd700000,0x00000000fd700000,0x00000000ff980000)
 ParOldGen       total 226304K, used 69134K [0x00000000a0000000, 0x00000000add00000, 0x00000000e0000000)
  object space 226304K, 30% used [0x00000000a0000000,0x00000000a4383988,0x00000000add00000)
 Metaspace       used 86246K, capacity 92450K, committed 92720K, reserved 1128448K
  class space    used 11637K, capacity 12742K, committed 12848K, reserved 1048576K
GC Heap History (10 events):
Event: 24.380 GC heap before
{Heap before GC invocations=18 (full 3):
 PSYoungGen      total 302592K, used 282277K [0x00000000e0000000, 0x00000000f4800000, 0x0000000100000000)
  eden space 268800K, 100% used [0x00000000e0000000,0x00000000f0680000,0x00000000f0680000)
  from space 33792K, 39% used [0x00000000f2700000,0x00000000f34296b0,0x00000000f4800000)
  to   space 33280K, 0% used [0x00000000f0680000,0x00000000f0680000,0x00000000f2700000)
 ParOldGen       total 226304K, used 68957K [0x00000000a0000000, 0x00000000add00000, 0x00000000e0000000)
  object space 226304K, 30% used [0x00000000a0000000,0x00000000a43574a0,0x00000000add00000)
 Metaspace       used 78689K, capacity 84618K, committed 84656K, reserved 1122304K
  class space    used 10839K, capacity 11920K, committed 11952K, reserved 1048576K
Event: 24.404 GC heap after
Heap after GC invocations=18 (full 3):
 PSYoungGen      total 302080K, used 14225K [0x00000000e0000000, 0x00000000f7f80000, 0x0000000100000000)
  eden space 268800K, 0% used [0x00000000e0000000,0x00000000e0000000,0x00000000f0680000)
  from space 33280K, 42% used [0x00000000f0680000,0x00000000f1464510,0x00000000f2700000)
  to   space 31744K, 0% used [0x00000000f6080000,0x00000000f6080000,0x00000000f7f80000)
 ParOldGen       total 226304K, used 68965K [0x00000000a0000000, 0x00000000add00000, 0x00000000e0000000)
  object space 226304K, 30% used [0x00000000a0000000,0x00000000a43594a0,0x00000000add00000)
 Metaspace       used 78689K, capacity 84618K, committed 84656K, reserved 1122304K
  class space    used 10839K, capacity 11920K, committed 11952K, reserved 1048576K
}
Event: 25.813 GC heap before
{Heap before GC invocations=19 (full 3):
 PSYoungGen      total 302080K, used 283025K [0x00000000e0000000, 0x00000000f7f80000, 0x0000000100000000)
  eden space 268800K, 100% used [0x00000000e0000000,0x00000000f0680000,0x00000000f0680000)
  from space 33280K, 42% used [0x00000000f0680000,0x00000000f1464510,0x00000000f2700000)
  to   space 31744K, 0% used [0x00000000f6080000,0x00000000f6080000,0x00000000f7f80000)
 ParOldGen       total 226304K, used 68965K [0x00000000a0000000, 0x00000000add00000, 0x00000000e0000000)
  object space 226304K, 30% used [0x00000000a0000000,0x00000000a43594a0,0x00000000add00000)
 Metaspace       used 78863K, capacity 84854K, committed 84912K, reserved 1122304K
  class space    used 10839K, capacity 11920K, committed 11952K, reserved 1048576K
Event: 25.842 GC heap after
Heap after GC invocations=19 (full 3):
 PSYoungGen      total 356864K, used 15918K [0x00000000e0000000, 0x00000000f7c00000, 0x0000000100000000)
  eden space 328704K, 0% used [0x00000000e0000000,0x00000000e0000000,0x00000000f4100000)
  from space 28160K, 56% used [0x00000000f6080000,0x00000000f700bb80,0x00000000f7c00000)
  to   space 30208K, 0% used [0x00000000f4100000,0x00000000f4100000,0x00000000f5e80000)
 ParOldGen       total 226304K, used 68965K [0x00000000a0000000, 0x00000000add00000, 0x00000000e0000000)
  object space 226304K, 30% used [0x00000000a0000000,0x00000000a43594a0,0x00000000add00000)
 Metaspace       used 78863K, capacity 84854K, committed 84912K, reserved 1122304K
  class space    used 10839K, capacity 11920K, committed 11952K, reserved 1048576K
}
Event: 27.559 GC heap before
{Heap before GC invocations=20 (full 3):
 PSYoungGen      total 356864K, used 344622K [0x00000000e0000000, 0x00000000f7c00000, 0x0000000100000000)
  eden space 328704K, 100% used [0x00000000e0000000,0x00000000f4100000,0x00000000f4100000)
  from space 28160K, 56% used [0x00000000f6080000,0x00000000f700bb80,0x00000000f7c00000)
  to   space 30208K, 0% used [0x00000000f4100000,0x00000000f4100000,0x00000000f5e80000)
 ParOldGen       total 226304K, used 68965K [0x00000000a0000000, 0x00000000add00000, 0x00000000e0000000)
  object space 226304K, 30% used [0x00000000a0000000,0x00000000a43594a0,0x00000000add00000)
 Metaspace       used 78913K, capacity 84922K, committed 85168K, reserved 1122304K
  class space    used 10840K, capacity 11920K, committed 11952K, reserved 1048576K
Event: 27.660 GC heap after
Heap after GC invocations=20 (full 3):
 PSYoungGen      total 358912K, used 19766K [0x00000000e0000000, 0x00000000fb680000, 0x0000000100000000)
  eden space 328704K, 0% used [0x00000000e0000000,0x00000000e0000000,0x00000000f4100000)
  from space 30208K, 65% used [0x00000000f4100000,0x00000000f544da50,0x00000000f5e80000)
  to   space 30208K, 0% used [0x00000000f9900000,0x00000000f9900000,0x00000000fb680000)
 ParOldGen       total 226304K, used 68973K [0x00000000a0000000, 0x00000000add00000, 0x00000000e0000000)
  object space 226304K, 30% used [0x00000000a0000000,0x00000000a435b4a0,0x00000000add00000)
 Metaspace       used 78913K, capacity 84922K, committed 85168K, reserved 1122304K
  class space    used 10840K, capacity 11920K, committed 11952K, reserved 1048576K
}
Event: 29.278 GC heap before
{Heap before GC invocations=21 (full 3):
 PSYoungGen      total 358912K, used 348470K [0x00000000e0000000, 0x00000000fb680000, 0x0000000100000000)
  eden space 328704K, 100% used [0x00000000e0000000,0x00000000f4100000,0x00000000f4100000)
  from space 30208K, 65% used [0x00000000f4100000,0x00000000f544da50,0x00000000f5e80000)
  to   space 30208K, 0% used [0x00000000f9900000,0x00000000f9900000,0x00000000fb680000)
 ParOldGen       total 226304K, used 68973K [0x00000000a0000000, 0x00000000add00000, 0x00000000e0000000)
  object space 226304K, 30% used [0x00000000a0000000,0x00000000a435b4a0,0x00000000add00000)
 Metaspace       used 79083K, capacity 85078K, committed 85168K, reserved 1122304K
  class space    used 10842K, capacity 11920K, committed 11952K, reserved 1048576K
Event: 29.313 GC heap after
Heap after GC invocations=21 (full 3):
 PSYoungGen      total 416768K, used 22819K [0x00000000e0000000, 0x00000000fb680000, 0x0000000100000000)
  eden space 386560K, 0% used [0x00000000e0000000,0x00000000e0000000,0x00000000f7980000)
  from space 30208K, 75% used [0x00000000f9900000,0x00000000faf48c88,0x00000000fb680000)
  to   space 31232K, 0% used [0x00000000f7980000,0x00000000f7980000,0x00000000f9800000)
 ParOldGen       total 226304K, used 68981K [0x00000000a0000000, 0x00000000add00000, 0x00000000e0000000)
  object space 226304K, 30% used [0x00000000a0000000,0x00000000a435d4a0,0x00000000add00000)
 Metaspace       used 79083K, capacity 85078K, committed 85168K, reserved 1122304K
  class space    used 10842K, capacity 11920K, committed 11952K, reserved 1048576K
}
Event: 35.670 GC heap before
{Heap before GC invocations=22 (full 3):
 PSYoungGen      total 416768K, used 409379K [0x00000000e0000000, 0x00000000fb680000, 0x0000000100000000)
  eden space 386560K, 100% used [0x00000000e0000000,0x00000000f7980000,0x00000000f7980000)
  from space 30208K, 75% used [0x00000000f9900000,0x00000000faf48c88,0x00000000fb680000)
  to   space 31232K, 0% used [0x00000000f7980000,0x00000000f7980000,0x00000000f9800000)
 ParOldGen       total 226304K, used 69110K [0x00000000a0000000, 0x00000000add00000, 0x00000000e0000000)
  object space 226304K, 30% used [0x00000000a0000000,0x00000000a437d988,0x00000000add00000)
 Metaspace       used 86226K, capacity 92428K, committed 92720K, reserved 1128448K
  class space    used 11635K, capacity 12739K, committed 12848K, reserved 1048576K
Event: 35.721 GC heap after
Heap after GC invocations=22 (full 3):
 PSYoungGen      total 417792K, used 30806K [0x00000000e0000000, 0x00000000ff980000, 0x0000000100000000)
  eden space 386560K, 0% used [0x00000000e0000000,0x00000000e0000000,0x00000000f7980000)
  from space 31232K, 98% used [0x00000000f7980000,0x00000000f9795ae0,0x00000000f9800000)
  to   space 35328K, 0% used [0x00000000fd700000,0x00000000fd700000,0x00000000ff980000)
 ParOldGen       total 226304K, used 69134K [0x00000000a0000000, 0x00000000add00000, 0x00000000e0000000)
  object space 226304K, 30% used [0x00000000a0000000,0x00000000a4383988,0x00000000add00000)
 Metaspace       used 86226K, capacity 92428K, committed 92720K, reserved 1128448K
  class space    used 11635K, capacity 12739K, committed 12848K, reserved 1048576K
}

