# JRE version: OpenJDK Runtime Environment (8.0_242-b01) (build 1.8.0_242-release-1644-b01)
# Java VM: OpenJDK 64-Bit Server VM (25.242-b01 mixed mode windows-amd64 compressed oops)
Heap:
 PSYoungGen      total 399872K, used 391272K [0x00000000e0000000, 0x00000000fb880000, 0x0000000100000000)
  eden space 370176K, 97% used [0x00000000e0000000,0x00000000f611fc78,0x00000000f6980000)
  from space 29696K, 99% used [0x00000000f9180000,0x00000000fae7a608,0x00000000fae80000)
  to   space 40448K, 0% used [0x00000000f6980000,0x00000000f6980000,0x00000000f9100000)
 ParOldGen       total 214528K, used 54481K [0x00000000a0000000, 0x00000000ad180000, 0x00000000e0000000)
  object space 214528K, 25% used [0x00000000a0000000,0x00000000a3534730,0x00000000ad180000)
 Metaspace       used 79708K, capacity 84512K, committed 84648K, reserved 1122304K
  class space    used 10464K, capacity 11396K, committed 11440K, reserved 1048576K
GC Heap History (10 events):
Event: 4.149 GC heap before
{Heap before GC invocations=9 (full 2):
 PSYoungGen      total 229888K, used 216576K [0x00000000e0000000, 0x00000000ef080000, 0x0000000100000000)
  eden space 216576K, 100% used [0x00000000e0000000,0x00000000ed380000,0x00000000ed380000)
  from space 13312K, 0% used [0x00000000ee380000,0x00000000ee380000,0x00000000ef080000)
  to   space 14848K, 0% used [0x00000000ed380000,0x00000000ed380000,0x00000000ee200000)
 ParOldGen       total 141312K, used 15603K [0x00000000a0000000, 0x00000000a8a00000, 0x00000000e0000000)
  object space 141312K, 11% used [0x00000000a0000000,0x00000000a0f3cc70,0x00000000a8a00000)
 Metaspace       used 50458K, capacity 52206K, committed 52264K, reserved 1093632K
  class space    used 6774K, capacity 7216K, committed 7216K, reserved 1048576K
Event: 4.162 GC heap after
Heap after GC invocations=9 (full 2):
 PSYoungGen      total 231424K, used 14838K [0x00000000e0000000, 0x00000000f6800000, 0x0000000100000000)
  eden space 216576K, 0% used [0x00000000e0000000,0x00000000e0000000,0x00000000ed380000)
  from space 14848K, 99% used [0x00000000ed380000,0x00000000ee1fdaf0,0x00000000ee200000)
  to   space 22016K, 0% used [0x00000000f5280000,0x00000000f5280000,0x00000000f6800000)
 ParOldGen       total 141312K, used 25563K [0x00000000a0000000, 0x00000000a8a00000, 0x00000000e0000000)
  object space 141312K, 18% used [0x00000000a0000000,0x00000000a18f6ee0,0x00000000a8a00000)
 Metaspace       used 50458K, capacity 52206K, committed 52264K, reserved 1093632K
  class space    used 6774K, capacity 7216K, committed 7216K, reserved 1048576K
}
Event: 4.769 GC heap before
{Heap before GC invocations=10 (full 2):
 PSYoungGen      total 231424K, used 114807K [0x00000000e0000000, 0x00000000f6800000, 0x0000000100000000)
  eden space 216576K, 46% used [0x00000000e0000000,0x00000000e61a04f8,0x00000000ed380000)
  from space 14848K, 99% used [0x00000000ed380000,0x00000000ee1fdaf0,0x00000000ee200000)
  to   space 22016K, 0% used [0x00000000f5280000,0x00000000f5280000,0x00000000f6800000)
 ParOldGen       total 141312K, used 25563K [0x00000000a0000000, 0x00000000a8a00000, 0x00000000e0000000)
  object space 141312K, 18% used [0x00000000a0000000,0x00000000a18f6ee0,0x00000000a8a00000)
 Metaspace       used 57059K, capacity 59146K, committed 59160K, reserved 1099776K
  class space    used 7845K, capacity 8355K, committed 8368K, reserved 1048576K
Event: 4.783 GC heap after
Heap after GC invocations=10 (full 2):
 PSYoungGen      total 342528K, used 21999K [0x00000000e0000000, 0x00000000f7280000, 0x0000000100000000)
  eden space 320512K, 0% used [0x00000000e0000000,0x00000000e0000000,0x00000000f3900000)
  from space 22016K, 99% used [0x00000000f5280000,0x00000000f67fbe08,0x00000000f6800000)
  to   space 26112K, 0% used [0x00000000f3900000,0x00000000f3900000,0x00000000f5280000)
 ParOldGen       total 141312K, used 27917K [0x00000000a0000000, 0x00000000a8a00000, 0x00000000e0000000)
  object space 141312K, 19% used [0x00000000a0000000,0x00000000a1b43680,0x00000000a8a00000)
 Metaspace       used 57059K, capacity 59146K, committed 59160K, reserved 1099776K
  class space    used 7845K, capacity 8355K, committed 8368K, reserved 1048576K
}
Event: 4.783 GC heap before
{Heap before GC invocations=11 (full 3):
 PSYoungGen      total 342528K, used 21999K [0x00000000e0000000, 0x00000000f7280000, 0x0000000100000000)
  eden space 320512K, 0% used [0x00000000e0000000,0x00000000e0000000,0x00000000f3900000)
  from space 22016K, 99% used [0x00000000f5280000,0x00000000f67fbe08,0x00000000f6800000)
  to   space 26112K, 0% used [0x00000000f3900000,0x00000000f3900000,0x00000000f5280000)
 ParOldGen       total 141312K, used 27917K [0x00000000a0000000, 0x00000000a8a00000, 0x00000000e0000000)
  object space 141312K, 19% used [0x00000000a0000000,0x00000000a1b43680,0x00000000a8a00000)
 Metaspace       used 57059K, capacity 59146K, committed 59160K, reserved 1099776K
  class space    used 7845K, capacity 8355K, committed 8368K, reserved 1048576K
Event: 4.941 GC heap after
Heap after GC invocations=11 (full 3):
 PSYoungGen      total 342528K, used 0K [0x00000000e0000000, 0x00000000f7280000, 0x0000000100000000)
  eden space 320512K, 0% used [0x00000000e0000000,0x00000000e0000000,0x00000000f3900000)
  from space 22016K, 0% used [0x00000000f5280000,0x00000000f5280000,0x00000000f6800000)
  to   space 26112K, 0% used [0x00000000f3900000,0x00000000f3900000,0x00000000f5280000)
 ParOldGen       total 214528K, used 36530K [0x00000000a0000000, 0x00000000ad180000, 0x00000000e0000000)
  object space 214528K, 17% used [0x00000000a0000000,0x00000000a23acbd0,0x00000000ad180000)
 Metaspace       used 57008K, capacity 58972K, committed 59160K, reserved 1099776K
  class space    used 7829K, capacity 8326K, committed 8368K, reserved 1048576K
}
Event: 6.379 GC heap before
{Heap before GC invocations=12 (full 3):
 PSYoungGen      total 342528K, used 319636K [0x00000000e0000000, 0x00000000f7280000, 0x0000000100000000)
  eden space 320512K, 99% used [0x00000000e0000000,0x00000000f3825010,0x00000000f3900000)
  from space 22016K, 0% used [0x00000000f5280000,0x00000000f5280000,0x00000000f6800000)
  to   space 26112K, 0% used [0x00000000f3900000,0x00000000f3900000,0x00000000f5280000)
 ParOldGen       total 214528K, used 36530K [0x00000000a0000000, 0x00000000ad180000, 0x00000000e0000000)
  object space 214528K, 17% used [0x00000000a0000000,0x00000000a23acbd0,0x00000000ad180000)
 Metaspace       used 66796K, capacity 70982K, committed 71336K, reserved 1110016K
  class space    used 9279K, capacity 10079K, committed 10160K, reserved 1048576K
Event: 6.392 GC heap after
Heap after GC invocations=12 (full 3):
 PSYoungGen      total 346624K, used 25109K [0x00000000e0000000, 0x00000000fae80000, 0x0000000100000000)
  eden space 320512K, 0% used [0x00000000e0000000,0x00000000e0000000,0x00000000f3900000)
  from space 26112K, 96% used [0x00000000f3900000,0x00000000f5185778,0x00000000f5280000)
  to   space 29696K, 0% used [0x00000000f9180000,0x00000000f9180000,0x00000000fae80000)
 ParOldGen       total 214528K, used 36538K [0x00000000a0000000, 0x00000000ad180000, 0x00000000e0000000)
  object space 214528K, 17% used [0x00000000a0000000,0x00000000a23aebd0,0x00000000ad180000)
 Metaspace       used 66796K, capacity 70982K, committed 71336K, reserved 1110016K
  class space    used 9279K, capacity 10079K, committed 10160K, reserved 1048576K
}
Event: 804.356 GC heap before
{Heap before GC invocations=13 (full 3):
 PSYoungGen      total 346624K, used 345621K [0x00000000e0000000, 0x00000000fae80000, 0x0000000100000000)
  eden space 320512K, 100% used [0x00000000e0000000,0x00000000f3900000,0x00000000f3900000)
  from space 26112K, 96% used [0x00000000f3900000,0x00000000f5185778,0x00000000f5280000)
  to   space 29696K, 0% used [0x00000000f9180000,0x00000000f9180000,0x00000000fae80000)
 ParOldGen       total 214528K, used 36538K [0x00000000a0000000, 0x00000000ad180000, 0x00000000e0000000)
  object space 214528K, 17% used [0x00000000a0000000,0x00000000a23aebd0,0x00000000ad180000)
 Metaspace       used 74168K, capacity 78474K, committed 78504K, reserved 1118208K
  class space    used 9836K, capacity 10671K, committed 10672K, reserved 1048576K
Event: 804.382 GC heap after
Heap after GC invocations=13 (full 3):
 PSYoungGen      total 399872K, used 29673K [0x00000000e0000000, 0x00000000fb880000, 0x0000000100000000)
  eden space 370176K, 0% used [0x00000000e0000000,0x00000000e0000000,0x00000000f6980000)
  from space 29696K, 99% used [0x00000000f9180000,0x00000000fae7a608,0x00000000fae80000)
  to   space 40448K, 0% used [0x00000000f6980000,0x00000000f6980000,0x00000000f9100000)
 ParOldGen       total 214528K, used 54481K [0x00000000a0000000, 0x00000000ad180000, 0x00000000e0000000)
  object space 214528K, 25% used [0x00000000a0000000,0x00000000a3534730,0x00000000ad180000)
 Metaspace       used 74168K, capacity 78474K, committed 78504K, reserved 1118208K
  class space    used 9836K, capacity 10671K, committed 10672K, reserved 1048576K
}

